2024-06-19 15:06:31,730 Namespace(cfg='../experiments/cityscapes/ddrnet23_slim.yaml', seed=304, local_rank=-1, opts=[])
2024-06-19 15:06:31,731 AUTO_RESUME: False
CUDNN:
  BENCHMARK: True
  DETERMINISTIC: False
  ENABLED: True
DATASET:
  DATASET: drug
  EXTRA_TRAIN_SET: 
  MODEL: train
  NUM_CLASSES: 11
  ROOT: ../data/
  TEST_SET: list/drug/val.lst
  TRAIN_SET: list/drug/train.lst
DEBUG:
  DEBUG: False
  SAVE_BATCH_IMAGES_GT: False
  SAVE_BATCH_IMAGES_PRED: False
  SAVE_HEATMAPS_GT: False
  SAVE_HEATMAPS_PRED: False
GPUS: (0,)
LOG_DIR: log
LOSS:
  BALANCE_WEIGHTS: [1, 0.4]
  CLASS_BALANCE: False
  OHEMKEEP: 131072
  OHEMTHRES: 0.9
  USE_OHEM: True
MODEL:
  ALIGN_CORNERS: False
  EXTRA:
    
  NAME: ddrnet_23_slim
  NUM_OUTPUTS: 2
  OCR:
    DROPOUT: 0.05
    KEY_CHANNELS: 256
    MID_CHANNELS: 512
    SCALE: 1
  PRETRAINED: 
OUTPUT_DIR: output
PIN_MEMORY: True
PRINT_FREQ: 10
RANK: 0
TEST:
  BASE_SIZE: 32
  BATCH_SIZE_PER_GPU: 1
  FLIP_TEST: False
  IMAGE_SIZE: [480, 480]
  MODEL_FILE: 
  MULTI_SCALE: False
  NUM_SAMPLES: 0
  OUTPUT_INDEX: 1
  SCALE_LIST: [1]
TRAIN:
  BASE_SIZE: 32
  BATCH_SIZE_PER_GPU: 1
  BEGIN_EPOCH: 0
  DOWNSAMPLERATE: 1
  END_EPOCH: 484
  EXTRA_EPOCH: 0
  EXTRA_LR: 0.001
  FLIP: True
  FREEZE_EPOCHS: -1
  FREEZE_LAYERS: 
  IGNORE_LABEL: 255
  IMAGE_SIZE: [480, 480]
  LR: 0.01
  LR_FACTOR: 0.1
  LR_STEP: [60, 80]
  MOMENTUM: 0.9
  MULTI_SCALE: True
  NESTEROV: False
  NONBACKBONE_KEYWORDS: []
  NONBACKBONE_MULT: 10
  NUM_SAMPLES: 0
  OPTIMIZER: sgd
  RANDOM_BRIGHTNESS: False
  RANDOM_BRIGHTNESS_SHIFT_VALUE: 10
  RESUME: False
  SCALE_FACTOR: 16
  SHUFFLE: True
  WD: 0.0005
WORKERS: 0
2024-06-19 15:06:35,866 Epoch: [0/484] Iter:[0/53115], Time: 3.21, lr: [0.01], Loss: 5.295335, Acc:0.054659
2024-06-19 15:06:44,580 Epoch: [0/484] Iter:[10/53115], Time: 1.08, lr: [0.009999996499097866], Loss: 3.157931, Acc:0.287417
2024-06-19 15:06:50,575 Epoch: [0/484] Iter:[20/53115], Time: 0.85, lr: [0.009999992998195597], Loss: 2.130495, Acc:0.532763
2024-06-19 15:06:56,637 Epoch: [0/484] Iter:[30/53115], Time: 0.77, lr: [0.00999998949729319], Loss: 1.885660, Acc:0.624821
2024-06-19 15:07:04,181 Epoch: [0/484] Iter:[40/53115], Time: 0.77, lr: [0.009999985996390648], Loss: 1.640756, Acc:0.685037
2024-06-19 15:07:11,769 Epoch: [0/484] Iter:[50/53115], Time: 0.77, lr: [0.00999998249548797], Loss: 1.502585, Acc:0.720086
2024-06-19 15:07:19,636 Epoch: [0/484] Iter:[60/53115], Time: 0.77, lr: [0.009999978994585155], Loss: 1.381800, Acc:0.746855
2024-06-19 15:07:28,991 Epoch: [0/484] Iter:[70/53115], Time: 0.79, lr: [0.009999975493682202], Loss: 1.308053, Acc:0.765053
2024-06-19 15:07:37,991 Epoch: [0/484] Iter:[80/53115], Time: 0.81, lr: [0.009999971992779117], Loss: 1.238083, Acc:0.780794
2024-06-19 15:07:43,437 Epoch: [0/484] Iter:[90/53115], Time: 0.78, lr: [0.009999968491875892], Loss: 1.193583, Acc:0.792824
2024-06-19 15:07:50,146 Epoch: [0/484] Iter:[100/53115], Time: 0.77, lr: [0.009999964990972533], Loss: 1.155113, Acc:0.801675
2024-06-19 15:07:57,783 Epoch: [0/484] Iter:[110/53115], Time: 0.77, lr: [0.009999961490069037], Loss: 1.127659, Acc:0.808645
2024-06-19 15:08:05,845 Epoch: [0/484] Iter:[120/53115], Time: 0.77, lr: [0.009999957989165406], Loss: 1.102149, Acc:0.814588
2024-06-19 15:08:14,395 Epoch: [0/484] Iter:[130/53115], Time: 0.78, lr: [0.009999954488261638], Loss: 1.085213, Acc:0.818642
