2024-06-19 09:47:19,214 Namespace(cfg='../experiments/cityscapes/ddrnet23_slim.yaml', seed=304, local_rank=-1, opts=[])
2024-06-19 09:47:19,214 AUTO_RESUME: False
CUDNN:
  BENCHMARK: True
  DETERMINISTIC: False
  ENABLED: True
DATASET:
  DATASET: drug
  EXTRA_TRAIN_SET: 
  MODEL: train
  NUM_CLASSES: 11
  ROOT: data/
  TEST_SET: list/drug/val.lst
  TRAIN_SET: list//drug/train.lst
DEBUG:
  DEBUG: False
  SAVE_BATCH_IMAGES_GT: False
  SAVE_BATCH_IMAGES_PRED: False
  SAVE_HEATMAPS_GT: False
  SAVE_HEATMAPS_PRED: False
GPUS: (0,)
LOG_DIR: log
LOSS:
  BALANCE_WEIGHTS: [1, 0.4]
  CLASS_BALANCE: False
  OHEMKEEP: 131072
  OHEMTHRES: 0.9
  USE_OHEM: True
MODEL:
  ALIGN_CORNERS: False
  EXTRA:
    
  NAME: ddrnet_23_slim
  NUM_OUTPUTS: 2
  OCR:
    DROPOUT: 0.05
    KEY_CHANNELS: 256
    MID_CHANNELS: 512
    SCALE: 1
  PRETRAINED: 
OUTPUT_DIR: output
PIN_MEMORY: True
PRINT_FREQ: 10
RANK: 0
TEST:
  BASE_SIZE: 32
  BATCH_SIZE_PER_GPU: 4
  FLIP_TEST: False
  IMAGE_SIZE: [480, 480]
  MODEL_FILE: 
  MULTI_SCALE: False
  NUM_SAMPLES: 0
  OUTPUT_INDEX: 1
  SCALE_LIST: [1]
TRAIN:
  BASE_SIZE: 32
  BATCH_SIZE_PER_GPU: 8
  BEGIN_EPOCH: 0
  DOWNSAMPLERATE: 1
  END_EPOCH: 484
  EXTRA_EPOCH: 0
  EXTRA_LR: 0.001
  FLIP: True
  FREEZE_EPOCHS: -1
  FREEZE_LAYERS: 
  IGNORE_LABEL: 255
  IMAGE_SIZE: [480, 480]
  LR: 0.01
  LR_FACTOR: 0.1
  LR_STEP: [60, 80]
  MOMENTUM: 0.9
  MULTI_SCALE: True
  NESTEROV: False
  NONBACKBONE_KEYWORDS: []
  NONBACKBONE_MULT: 10
  NUM_SAMPLES: 0
  OPTIMIZER: sgd
  RANDOM_BRIGHTNESS: False
  RANDOM_BRIGHTNESS_SHIFT_VALUE: 10
  RESUME: False
  SCALE_FACTOR: 16
  SHUFFLE: True
  WD: 0.0005
WORKERS: 0
2024-06-19 09:47:39,770 Namespace(cfg='../experiments/cityscapes/ddrnet23_slim.yaml', seed=304, local_rank=-1, opts=[])
2024-06-19 09:47:39,771 AUTO_RESUME: False
CUDNN:
  BENCHMARK: True
  DETERMINISTIC: False
  ENABLED: True
DATASET:
  DATASET: drug
  EXTRA_TRAIN_SET: 
  MODEL: train
  NUM_CLASSES: 11
  ROOT: data/
  TEST_SET: list/drug/val.lst
  TRAIN_SET: list//drug/train.lst
DEBUG:
  DEBUG: False
  SAVE_BATCH_IMAGES_GT: False
  SAVE_BATCH_IMAGES_PRED: False
  SAVE_HEATMAPS_GT: False
  SAVE_HEATMAPS_PRED: False
GPUS: (0,)
LOG_DIR: log
LOSS:
  BALANCE_WEIGHTS: [1, 0.4]
  CLASS_BALANCE: False
  OHEMKEEP: 131072
  OHEMTHRES: 0.9
  USE_OHEM: True
MODEL:
  ALIGN_CORNERS: False
  EXTRA:
    
  NAME: ddrnet_23_slim
  NUM_OUTPUTS: 2
  OCR:
    DROPOUT: 0.05
    KEY_CHANNELS: 256
    MID_CHANNELS: 512
    SCALE: 1
  PRETRAINED: 
OUTPUT_DIR: output
PIN_MEMORY: True
PRINT_FREQ: 10
RANK: 0
TEST:
  BASE_SIZE: 32
  BATCH_SIZE_PER_GPU: 4
  FLIP_TEST: False
  IMAGE_SIZE: [480, 480]
  MODEL_FILE: 
  MULTI_SCALE: False
  NUM_SAMPLES: 0
  OUTPUT_INDEX: 1
  SCALE_LIST: [1]
TRAIN:
  BASE_SIZE: 32
  BATCH_SIZE_PER_GPU: 8
  BEGIN_EPOCH: 0
  DOWNSAMPLERATE: 1
  END_EPOCH: 484
  EXTRA_EPOCH: 0
  EXTRA_LR: 0.001
  FLIP: True
  FREEZE_EPOCHS: -1
  FREEZE_LAYERS: 
  IGNORE_LABEL: 255
  IMAGE_SIZE: [480, 480]
  LR: 0.01
  LR_FACTOR: 0.1
  LR_STEP: [60, 80]
  MOMENTUM: 0.9
  MULTI_SCALE: True
  NESTEROV: False
  NONBACKBONE_KEYWORDS: []
  NONBACKBONE_MULT: 10
  NUM_SAMPLES: 0
  OPTIMIZER: sgd
  RANDOM_BRIGHTNESS: False
  RANDOM_BRIGHTNESS_SHIFT_VALUE: 10
  RESUME: False
  SCALE_FACTOR: 16
  SHUFFLE: True
  WD: 0.0005
WORKERS: 0
