2024-06-19 14:57:02,564 Namespace(cfg='../experiments/cityscapes/ddrnet23_slim.yaml', seed=304, local_rank=-1, opts=[])
2024-06-19 14:57:02,564 AUTO_RESUME: False
CUDNN:
  BENCHMARK: True
  DETERMINISTIC: False
  ENABLED: True
DATASET:
  DATASET: drug
  EXTRA_TRAIN_SET: 
  MODEL: train
  NUM_CLASSES: 11
  ROOT: ../data/
  TEST_SET: list/drug/val.lst
  TRAIN_SET: list/drug/train.lst
DEBUG:
  DEBUG: False
  SAVE_BATCH_IMAGES_GT: False
  SAVE_BATCH_IMAGES_PRED: False
  SAVE_HEATMAPS_GT: False
  SAVE_HEATMAPS_PRED: False
GPUS: (0,)
LOG_DIR: log
LOSS:
  BALANCE_WEIGHTS: [1, 0.4]
  CLASS_BALANCE: False
  OHEMKEEP: 131072
  OHEMTHRES: 0.9
  USE_OHEM: True
MODEL:
  ALIGN_CORNERS: False
  EXTRA:
    
  NAME: ddrnet_23_slim
  NUM_OUTPUTS: 2
  OCR:
    DROPOUT: 0.05
    KEY_CHANNELS: 256
    MID_CHANNELS: 512
    SCALE: 1
  PRETRAINED: 
OUTPUT_DIR: output
PIN_MEMORY: True
PRINT_FREQ: 10
RANK: 0
TEST:
  BASE_SIZE: 32
  BATCH_SIZE_PER_GPU: 1
  FLIP_TEST: False
  IMAGE_SIZE: [480, 480]
  MODEL_FILE: 
  MULTI_SCALE: False
  NUM_SAMPLES: 0
  OUTPUT_INDEX: 1
  SCALE_LIST: [1]
TRAIN:
  BASE_SIZE: 32
  BATCH_SIZE_PER_GPU: 1
  BEGIN_EPOCH: 0
  DOWNSAMPLERATE: 1
  END_EPOCH: 484
  EXTRA_EPOCH: 0
  EXTRA_LR: 0.001
  FLIP: True
  FREEZE_EPOCHS: -1
  FREEZE_LAYERS: 
  IGNORE_LABEL: 255
  IMAGE_SIZE: [480, 480]
  LR: 0.01
  LR_FACTOR: 0.1
  LR_STEP: [60, 80]
  MOMENTUM: 0.9
  MULTI_SCALE: True
  NESTEROV: False
  NONBACKBONE_KEYWORDS: []
  NONBACKBONE_MULT: 10
  NUM_SAMPLES: 0
  OPTIMIZER: sgd
  RANDOM_BRIGHTNESS: False
  RANDOM_BRIGHTNESS_SHIFT_VALUE: 10
  RESUME: False
  SCALE_FACTOR: 16
  SHUFFLE: True
  WD: 0.0005
WORKERS: 0
2024-06-19 14:57:06,501 Epoch: [0/484] Iter:[0/53115], Time: 2.88, lr: [0.01], Loss: 5.295335, Acc:0.054659
2024-06-19 14:57:13,245 Epoch: [0/484] Iter:[10/53115], Time: 0.87, lr: [0.009999996499097866], Loss: 3.167735, Acc:0.290270
2024-06-19 14:57:21,211 Epoch: [0/484] Iter:[20/53115], Time: 0.84, lr: [0.009999992998195597], Loss: 2.139796, Acc:0.536865
2024-06-19 14:57:30,471 Epoch: [0/484] Iter:[30/53115], Time: 0.87, lr: [0.00999998949729319], Loss: 1.876947, Acc:0.626583
2024-06-19 14:57:40,273 Epoch: [0/484] Iter:[40/53115], Time: 0.89, lr: [0.009999985996390648], Loss: 1.637034, Acc:0.685903
2024-06-19 14:57:45,756 Epoch: [0/484] Iter:[50/53115], Time: 0.83, lr: [0.00999998249548797], Loss: 1.499063, Acc:0.719751
2024-06-19 14:57:51,948 Epoch: [0/484] Iter:[60/53115], Time: 0.79, lr: [0.009999978994585155], Loss: 1.376920, Acc:0.746588
2024-06-19 14:57:59,002 Epoch: [0/484] Iter:[70/53115], Time: 0.78, lr: [0.009999975493682202], Loss: 1.301453, Acc:0.765022
2024-06-19 14:58:05,995 Epoch: [0/484] Iter:[80/53115], Time: 0.77, lr: [0.009999971992779117], Loss: 1.230193, Acc:0.780799
2024-06-19 14:58:12,409 Epoch: [0/484] Iter:[90/53115], Time: 0.76, lr: [0.009999968491875892], Loss: 1.184996, Acc:0.793097
2024-06-19 14:58:19,860 Epoch: [0/484] Iter:[100/53115], Time: 0.75, lr: [0.009999964990972533], Loss: 1.149008, Acc:0.802156
2024-06-19 14:58:29,265 Epoch: [0/484] Iter:[110/53115], Time: 0.77, lr: [0.009999961490069037], Loss: 1.121494, Acc:0.808842
2024-06-19 14:58:35,185 Epoch: [0/484] Iter:[120/53115], Time: 0.76, lr: [0.009999957989165406], Loss: 1.097566, Acc:0.815188
2024-06-19 14:58:41,527 Epoch: [0/484] Iter:[130/53115], Time: 0.75, lr: [0.009999954488261638], Loss: 1.083233, Acc:0.819497
2024-06-19 14:58:48,035 Epoch: [0/484] Iter:[140/53115], Time: 0.74, lr: [0.009999950987357734], Loss: 1.063349, Acc:0.824221
2024-06-19 14:58:54,269 Epoch: [0/484] Iter:[150/53115], Time: 0.73, lr: [0.009999947486453694], Loss: 1.045028, Acc:0.828300
2024-06-19 14:59:01,713 Epoch: [0/484] Iter:[160/53115], Time: 0.73, lr: [0.009999943985549516], Loss: 1.027867, Acc:0.831897
2024-06-19 14:59:10,315 Epoch: [0/484] Iter:[170/53115], Time: 0.74, lr: [0.009999940484645203], Loss: 1.014052, Acc:0.835090
2024-06-19 14:59:18,360 Epoch: [0/484] Iter:[180/53115], Time: 0.74, lr: [0.009999936983740755], Loss: 0.998629, Acc:0.838883
2024-06-19 14:59:23,436 Epoch: [0/484] Iter:[190/53115], Time: 0.73, lr: [0.00999993348283617], Loss: 0.984289, Acc:0.842005
2024-06-19 14:59:29,901 Epoch: [0/484] Iter:[200/53115], Time: 0.73, lr: [0.009999929981931449], Loss: 0.971351, Acc:0.845134
2024-06-19 14:59:37,369 Epoch: [0/484] Iter:[210/53115], Time: 0.73, lr: [0.009999926481026591], Loss: 0.956699, Acc:0.848369
2024-06-19 14:59:44,715 Epoch: [0/484] Iter:[220/53115], Time: 0.73, lr: [0.009999922980121598], Loss: 0.946597, Acc:0.850859
2024-06-19 14:59:52,224 Epoch: [0/484] Iter:[230/53115], Time: 0.73, lr: [0.009999919479216466], Loss: 0.946982, Acc:0.851713
2024-06-19 15:00:00,011 Epoch: [0/484] Iter:[240/53115], Time: 0.73, lr: [0.009999915978311201], Loss: 0.938474, Acc:0.853451
2024-06-19 15:00:05,581 Epoch: [0/484] Iter:[250/53115], Time: 0.72, lr: [0.009999912477405799], Loss: 0.924525, Acc:0.856042
2024-06-19 15:00:11,383 Epoch: [0/484] Iter:[260/53115], Time: 0.72, lr: [0.009999908976500261], Loss: 0.914346, Acc:0.858585
2024-06-19 15:00:18,047 Epoch: [0/484] Iter:[270/53115], Time: 0.72, lr: [0.009999905475594586], Loss: 0.904600, Acc:0.860821
2024-06-19 15:00:24,648 Epoch: [0/484] Iter:[280/53115], Time: 0.72, lr: [0.009999901974688776], Loss: 0.901277, Acc:0.862288
2024-06-19 15:00:32,366 Epoch: [0/484] Iter:[290/53115], Time: 0.72, lr: [0.009999898473782829], Loss: 0.892924, Acc:0.864064
2024-06-19 15:00:39,356 Epoch: [0/484] Iter:[300/53115], Time: 0.72, lr: [0.009999894972876745], Loss: 0.885520, Acc:0.865927
2024-06-19 15:00:47,636 Epoch: [0/484] Iter:[310/53115], Time: 0.72, lr: [0.009999891471970525], Loss: 0.879613, Acc:0.867131
